<?xml version="1.0" encoding="UTF-8"?>
<testsuite xmlns:xsi="http://www.w3.org/2001/XMLSchema-instance" xsi:noNamespaceSchemaLocation="https://maven.apache.org/surefire/maven-surefire-plugin/xsd/surefire-test-report-3.0.xsd" version="3.0" name="fr.ubordeaux.geometriceditor.integration.IntegrationTest" time="0.289" tests="12" errors="0" skipped="0" failures="0">
  <properties>
[...]
</properties>
  <testcase name="testAjoutPuisUndoRedoSurScene" classname="fr.ubordeaux.geometriceditor.integration.IntegrationTest" time="0.194"/>
  <testcase name="testGrouperDegrouper" classname="fr.ubordeaux.geometriceditor.integration.IntegrationTest" time="0.004"/>
  <testcase name="testDeplacementAvecUndoRedo" classname="fr.ubordeaux.geometriceditor.integration.IntegrationTest" time="0.003"/>
  <testcase name="testSaveLoadApresUndoRedo" classname="fr.ubordeaux.geometriceditor.integration.IntegrationTest" time="0.026"/>
  <testcase name="testSaveLoadConserveScene" classname="fr.ubordeaux.geometriceditor.integration.IntegrationTest" time="0.014"/>
  <testcase name="testObserverNotifieModification" classname="fr.ubordeaux.geometriceditor.integration.IntegrationTest" time="0.005"/>
  <testcase name="testCloneGroupeIndependant" classname="fr.ubordeaux.geometriceditor.integration.IntegrationTest" time="0.005"/>
  <testcase name="testObserverNotifieAjout" classname="fr.ubordeaux.geometriceditor.integration.IntegrationTest" time="0.005"/>
  <testcase name="testObserverNotifieSuppression" classname="fr.ubordeaux.geometriceditor.integration.IntegrationTest" time="0.003"/>
  <testcase name="testGroupeImbrique" classname="fr.ubordeaux.geometriceditor.integration.IntegrationTest" time="0.003"/>
  <testcase name="testPrototypeIndependantDeLaScene" classname="fr.ubordeaux.geometriceditor.integration.IntegrationTest" time="0.002"/>
  <testcase name="testSaveLoadGroupeImbrique" classname="fr.ubordeaux.geometriceditor.integration.IntegrationTest" time="0.005"/>
</testsuite>