<?xml version="1.0" encoding="UTF-8"?>
<testsuite xmlns:xsi="http://www.w3.org/2001/XMLSchema-instance" xsi:noNamespaceSchemaLocation="https://maven.apache.org/surefire/maven-surefire-plugin/xsd/surefire-test-report-3.0.xsd" version="3.0" name="fr.ubordeaux.geometriceditor.serialization.SceneSerializerTest" time="0.051" tests="4" errors="0" skipped="0" failures="0">
  <properties>
[...]
</properties>
  <testcase name="testSaveLoadSceneVide" classname="fr.ubordeaux.geometriceditor.serialization.SceneSerializerTest" time="0.008"/>
  <testcase name="testSaveLoadPolygon" classname="fr.ubordeaux.geometriceditor.serialization.SceneSerializerTest" time="0.013"/>
  <testcase name="testLoadRemplaceLaScene" classname="fr.ubordeaux.geometriceditor.serialization.SceneSerializerTest" time="0.011"/>
  <testcase name="testSaveLoadRectangle" classname="fr.ubordeaux.geometriceditor.serialization.SceneSerializerTest" time="0.009"/>
</testsuite>